system          > synctex functionality is enabled (1), expect runtime overhead!

open source     > level 1, order 1, name '/usr/share/texmf/tex/context/base/mkiv/cont-yes.mkiv'
system          > 
system          > ConTeXt  ver: 2017.05.15 21:48 MKIV beta  fmt: 2020.1.12  int: english/english
system          > 
system          > 'cont-new.mkiv' loaded
open source     > level 2, order 2, name '/usr/share/texmf/tex/context/base/mkiv/cont-new.mkiv'
close source    > level 2, order 2, name '/usr/share/texmf/tex/context/base/mkiv/cont-new.mkiv'
system          > files > jobname 'recipe-example-luacode', input './recipe-example-luacode', result 'recipe-example-luacode'
fonts           > latin modern fonts are not preloaded
languages       > language 'en' is active
system          > synctex functionality is enabled (1), expect runtime overhead!
open source     > level 2, order 3, name '/home/janneke/recipedb/TeX-templates/recipe-example-luacode.tex'
resolvers       > modules > 'json' is loaded
open source     > level 3, order 4, name '/usr/share/texmf/tex/context/modules/mkiv/m-json.mkiv'
resolvers       > lua > loading file '/usr/share/texmf/tex/context/base/mkiv/util-jsn.lua' succeeded
close source    > level 3, order 4, name '/usr/share/texmf/tex/context/modules/mkiv/m-json.mkiv'
fonts           > preloading latin modern fonts (second stage)
fonts           > 'fallback modern-designsize rm 12pt' is loaded
structure       > sectioning > subject @ level 3 : 0.0.0 -> First recipe
structure       > sectioning > subsubject @ level 4 : 0.0.0.0 -> Ingredients
structure       > sectioning > subsubject @ level 4 : 0.0.0.0 -> Cooking
backend         > xmp > using file '/usr/share/texmf/tex/context/base/mkiv/lpdf-pdx.xml'
pages           > flushing realpage 1, userpage 1, subpage 1
close source    > level 2, order 4, name '/home/janneke/recipedb/TeX-templates/recipe-example-luacode.tex'
close source    > level 1, order 4, name '/usr/share/texmf/tex/context/base/mkiv/cont-yes.mkiv'

system          > structure > start used structure

used structure  > text: recipe-example-luacode

system          > structure > stop used structure


system          > files > start used files

used file       >    1: filename=cont-yes.mkiv filetype=tex foundname=/usr/share/texmf/tex/context/base/mkiv/cont-yes.mkiv usedmethod=database
used file       >    2: filename=publ-imp-default.lua filetype=scripts foundname=/usr/share/texmf/tex/context/base/mkiv/publ-imp-default.lua usedmethod=database
used file       >    3: filename=cont-new.mkiv filetype=tex foundname=/usr/share/texmf/tex/context/base/mkiv/cont-new.mkiv usedmethod=database
used file       >    4: filename=lang-us.lua filetype=scripts foundname=/usr/share/texmf/tex/context/patterns/mkiv/lang-us.lua usedmethod=database
used file       >    5: filename=/home/janneke/recipedb/TeX-templates/recipe-example-luacode.tex foundname=/home/janneke/recipedb/TeX-templates/recipe-example-luacode.tex usedmethod=direct
used file       >    6: filename=m-json.mkiv filetype=tex foundname=/usr/share/texmf/tex/context/modules/mkiv/m-json.mkiv usedmethod=database
used file       >    7: filename=util-jsn.lua filetype=tex format=tex foundname=/usr/share/texmf/tex/context/base/mkiv/util-jsn.lua usedmethod=database
used file       >    8: filename=lm.lfg filetype=tex foundname=/usr/share/texmf/tex/context/fonts/mkiv/lm.lfg usedmethod=database
used file       >    9: filename=lmroman12-regular filetype=otf format=otf foundname=/usr/share/texmf/fonts/opentype/public/lm/lmroman12-regular.otf usedmethod=database
used file       >   10: filename=latinmodern-math.otf filetype=opentypefonts foundname=/usr/share/texmf/fonts/opentype/public/lm-math/latinmodern-math.otf usedmethod=database
used file       >   11: filename=lmroman10-bold filetype=otf format=otf foundname=/usr/share/texmf/fonts/opentype/public/lm/lmroman10-bold.otf usedmethod=database
used file       >   12: filename=lpdf-pdx.xml filetype=tex foundname=/usr/share/texmf/tex/context/base/mkiv/lpdf-pdx.xml usedmethod=database

system          > files > stop used files


system          > options > start commandline options

used option     > currentrun="3"
used option     > directives="system.synctex=true"
used option     > fulljobname="./recipe-example-luacode.tex"
used option     > input="./recipe-example-luacode.tex"
used option     > kindofrun="2"
used option     > maxnofruns="9"
used option     > no-parse-first-line="true"
used option     > synctex="true"

system          > options > stop commandline options

system          > options > start commandline files

used file       >    1: ./recipe-example-luacode.tex

system          > options > stop commandline files


mkiv lua stats  > used config file: /usr/share/texmf/web2c/texmfcnf.lua;/usr/share/texlive/texmf-dist/web2c/texmfcnf.lua
mkiv lua stats  > used cache path: readable: '/var/lib/texmf/luatex-cache/context/b47c3d3cee7cb6c86268d0595268c442' | readable+writable: '/home/janneke/.texlive2017/texmf-var/luatex-cache/context/b47c3d3cee7cb6c86268d0595268c442'
mkiv lua stats  > resource resolver: loadtime 0.009 seconds, 0 scans with scantime 0.000 seconds, 0 shared scans, 12 found files, scanned paths: <none>
mkiv lua stats  > stored bytecode data: 404 modules (0.234 sec), 91 tables (0.013 sec), 495 chunks (0.247 sec)
mkiv lua stats  > traced context: maxstack: 1231, freed: 0, unreachable: 1231
mkiv lua stats  > cleaned up reserved nodes: 49 nodes, 9 lists of 447
mkiv lua stats  > node memory usage: 2 glue, 3 penalty, 12 attribute, 49 glue_spec, 3 attribute_list, 2 temp, 2 user_defined
mkiv lua stats  > node list callback tasks: 7 unique task lists, 7 instances (re)created, 174 calls
mkiv lua stats  > used backend: pdf (backend for directly generating pdf output)
mkiv lua stats  > jobdata time: 0.001 seconds saving, 0.000 seconds loading
mkiv lua stats  > callbacks: 434 direct, 352 indirect, 786 total
mkiv lua stats  > randomizer: resumed with value 0.36539553635074
mkiv lua stats  > loaded tex modules: 1 requested, all found (*-json)
mkiv lua stats  > loaded patterns: en::2, load time: 0.000
mkiv lua stats  > result saved in file: recipe-example-luacode.pdf, compresslevel 3, objectcompresslevel 3
mkiv lua stats  > loaded fonts: 3 files: latinmodern-math.otf, lmroman10-bold.otf, lmroman12-regular.otf
mkiv lua stats  > font engine: otf 3.029, afm 1.512, tfm 1.000, 6 instances, 1 shared in backend, 0 common vectors, 1 common hashes, load time 0.179 seconds 
mkiv lua stats  > synctex tracing: synctex has been enabled (extra log file generated)
mkiv lua stats  > used platform: linux-64, type: unix, binary subtree: usr
mkiv lua stats  > luatex banner: this is luatex, version 1.0.4 (tex live 2017/debian)
mkiv lua stats  > control sequences: 45092 of 65536 + 100000
mkiv lua stats  > lua properties: engine: lua, used memory: 77 MB (ctx: 77 MB), hash type: lua, hash chars: min(64,40), symbol mask: utf (τεχ)
mkiv lua stats  > runtime: 0.519 seconds, 1 processed pages, 1 shipped pages, 1.927 pages/second

